This file contains any messages produced by compilers while
running configure, to aid debugging if configure makes a mistake.

It was created by lanl-purger configure 0.1, which was
generated by GNU Autoconf 2.67.  Invocation command line was

  $ ./configure 

## --------- ##
## Platform. ##
## --------- ##

hostname = jlafon-desktop
uname -m = x86_64
uname -r = 2.6.35-25-generic
uname -s = Linux
uname -v = #44-Ubuntu SMP Fri Jan 21 17:40:44 UTC 2011

/usr/bin/uname -p = unknown
/bin/uname -X     = unknown

/bin/arch              = unknown
/usr/bin/arch -k       = unknown
/usr/convex/getsysinfo = unknown
/usr/bin/hostinfo      = unknown
/bin/machine           = unknown
/usr/bin/oslevel       = unknown
/bin/universe          = unknown

PATH: /usr/local/sbin
PATH: /usr/local/bin
PATH: /usr/sbin
PATH: /usr/bin
PATH: /sbin
PATH: /bin
PATH: /usr/games
PATH: /home/jlafon/Downloads/Mathworks.Matlab.R2009b.UNIX.ISO_TBE/MATLAB/bin/


## ----------- ##
## Core tests. ##
## ----------- ##

configure:2365: checking for a BSD-compatible install
configure:2433: result: /usr/bin/install -c
configure:2444: checking whether build environment is sane
configure:2494: result: yes
configure:2635: checking for a thread-safe mkdir -p
configure:2674: result: /bin/mkdir -p
configure:2687: checking for gawk
configure:2703: found /usr/bin/gawk
configure:2714: result: gawk
configure:2725: checking whether make sets $(MAKE)
configure:2747: result: yes
configure:2890: checking for gcc
configure:2906: found /usr/bin/gcc
configure:2917: result: gcc
configure:3146: checking for C compiler version
configure:3155: gcc --version >&5
gcc (Ubuntu/Linaro 4.4.4-14ubuntu5) 4.4.5
Copyright (C) 2010 Free Software Foundation, Inc.
This is free software; see the source for copying conditions.  There is NO
warranty; not even for MERCHANTABILITY or FITNESS FOR A PARTICULAR PURPOSE.

configure:3166: $? = 0
configure:3155: gcc -v >&5
Using built-in specs.
Target: x86_64-linux-gnu
Configured with: ../src/configure -v --with-pkgversion='Ubuntu/Linaro 4.4.4-14ubuntu5' --with-bugurl=file:///usr/share/doc/gcc-4.4/README.Bugs --enable-languages=c,c++,fortran,objc,obj-c++ --prefix=/usr --program-suffix=-4.4 --enable-shared --enable-multiarch --enable-linker-build-id --with-system-zlib --libexecdir=/usr/lib --without-included-gettext --enable-threads=posix --with-gxx-include-dir=/usr/include/c++/4.4 --libdir=/usr/lib --enable-nls --with-sysroot=/ --enable-clocale=gnu --enable-libstdcxx-debug --enable-objc-gc --disable-werror --with-arch-32=i686 --with-tune=generic --enable-checking=release --build=x86_64-linux-gnu --host=x86_64-linux-gnu --target=x86_64-linux-gnu
Thread model: posix
gcc version 4.4.5 (Ubuntu/Linaro 4.4.4-14ubuntu5) 
configure:3166: $? = 0
configure:3155: gcc -V >&5
gcc: '-V' option must have argument
configure:3166: $? = 1
configure:3155: gcc -qversion >&5
gcc: unrecognized option '-qversion'
gcc: no input files
configure:3166: $? = 1
configure:3186: checking whether the C compiler works
configure:3208: gcc    conftest.c  >&5
configure:3212: $? = 0
configure:3260: result: yes
configure:3263: checking for C compiler default output file name
configure:3265: result: a.out
configure:3271: checking for suffix of executables
configure:3278: gcc -o conftest    conftest.c  >&5
configure:3282: $? = 0
configure:3304: result: 
configure:3326: checking whether we are cross compiling
configure:3334: gcc -o conftest    conftest.c  >&5
configure:3338: $? = 0
configure:3345: ./conftest
configure:3349: $? = 0
configure:3364: result: no
configure:3369: checking for suffix of object files
configure:3391: gcc -c   conftest.c >&5
configure:3395: $? = 0
configure:3416: result: o
configure:3420: checking whether we are using the GNU C compiler
configure:3439: gcc -c   conftest.c >&5
configure:3439: $? = 0
configure:3448: result: yes
configure:3457: checking whether gcc accepts -g
configure:3477: gcc -c -g  conftest.c >&5
configure:3477: $? = 0
configure:3518: result: yes
configure:3535: checking for gcc option to accept ISO C89
configure:3599: gcc  -c -g -O2  conftest.c >&5
configure:3599: $? = 0
configure:3612: result: none needed
configure:3643: checking for style of include used by make
configure:3671: result: GNU
configure:3696: checking dependency style of gcc
configure:3806: result: gcc3
configure:3822: checking whether gcc and cc understand -c and -o together
configure:3853: gcc -c conftest.c -o conftest2.o >&5
configure:3857: $? = 0
configure:3863: gcc -c conftest.c -o conftest2.o >&5
configure:3867: $? = 0
configure:3878: cc -c conftest.c >&5
configure:3882: $? = 0
configure:3890: cc -c conftest.c -o conftest2.o >&5
configure:3894: $? = 0
configure:3900: cc -c conftest.c -o conftest2.o >&5
configure:3904: $? = 0
configure:3922: result: yes
configure:3957: checking how to run the C preprocessor
configure:3988: gcc -E  conftest.c
configure:3988: $? = 0
configure:4002: gcc -E  conftest.c
conftest.c:11: fatal error: ac_nonexistent.h: No such file or directory
compilation terminated.
configure:4002: $? = 1
configure: failed program was:
| /* confdefs.h */
| #define PACKAGE_NAME "lanl-purger"
| #define PACKAGE_TARNAME "lanl-purger"
| #define PACKAGE_VERSION "0.1"
| #define PACKAGE_STRING "lanl-purger 0.1"
| #define PACKAGE_BUGREPORT "jharrodlafon@users.sourceforge.net"
| #define PACKAGE_URL ""
| #define PACKAGE "lanl-purger"
| #define VERSION "0.1"
| /* end confdefs.h.  */
| #include <ac_nonexistent.h>
configure:4027: result: gcc -E
configure:4047: gcc -E  conftest.c
configure:4047: $? = 0
configure:4061: gcc -E  conftest.c
conftest.c:11: fatal error: ac_nonexistent.h: No such file or directory
compilation terminated.
configure:4061: $? = 1
configure: failed program was:
| /* confdefs.h */
| #define PACKAGE_NAME "lanl-purger"
| #define PACKAGE_TARNAME "lanl-purger"
| #define PACKAGE_VERSION "0.1"
| #define PACKAGE_STRING "lanl-purger 0.1"
| #define PACKAGE_BUGREPORT "jharrodlafon@users.sourceforge.net"
| #define PACKAGE_URL ""
| #define PACKAGE "lanl-purger"
| #define VERSION "0.1"
| /* end confdefs.h.  */
| #include <ac_nonexistent.h>
configure:4090: checking for grep that handles long lines and -e
configure:4148: result: /bin/grep
configure:4153: checking for egrep
configure:4215: result: /bin/grep -E
configure:4220: checking for ANSI C header files
configure:4240: gcc -c -g -O2  conftest.c >&5
configure:4240: $? = 0
configure:4313: gcc -o conftest -g -O2   conftest.c  >&5
configure:4313: $? = 0
configure:4313: ./conftest
configure:4313: $? = 0
configure:4324: result: yes
configure:4337: checking for sys/types.h
configure:4337: gcc -c -g -O2  conftest.c >&5
configure:4337: $? = 0
configure:4337: result: yes
configure:4337: checking for sys/stat.h
configure:4337: gcc -c -g -O2  conftest.c >&5
configure:4337: $? = 0
configure:4337: result: yes
configure:4337: checking for stdlib.h
configure:4337: gcc -c -g -O2  conftest.c >&5
configure:4337: $? = 0
configure:4337: result: yes
configure:4337: checking for string.h
configure:4337: gcc -c -g -O2  conftest.c >&5
configure:4337: $? = 0
configure:4337: result: yes
configure:4337: checking for memory.h
configure:4337: gcc -c -g -O2  conftest.c >&5
configure:4337: $? = 0
configure:4337: result: yes
configure:4337: checking for strings.h
configure:4337: gcc -c -g -O2  conftest.c >&5
configure:4337: $? = 0
configure:4337: result: yes
configure:4337: checking for inttypes.h
configure:4337: gcc -c -g -O2  conftest.c >&5
configure:4337: $? = 0
configure:4337: result: yes
configure:4337: checking for stdint.h
configure:4337: gcc -c -g -O2  conftest.c >&5
configure:4337: $? = 0
configure:4337: result: yes
configure:4337: checking for unistd.h
configure:4337: gcc -c -g -O2  conftest.c >&5
configure:4337: $? = 0
configure:4337: result: yes
configure:4350: checking minix/config.h usability
configure:4350: gcc -c -g -O2  conftest.c >&5
conftest.c:54: fatal error: minix/config.h: No such file or directory
compilation terminated.
configure:4350: $? = 1
configure: failed program was:
| /* confdefs.h */
| #define PACKAGE_NAME "lanl-purger"
| #define PACKAGE_TARNAME "lanl-purger"
| #define PACKAGE_VERSION "0.1"
| #define PACKAGE_STRING "lanl-purger 0.1"
| #define PACKAGE_BUGREPORT "jharrodlafon@users.sourceforge.net"
| #define PACKAGE_URL ""
| #define PACKAGE "lanl-purger"
| #define VERSION "0.1"
| #define STDC_HEADERS 1
| #define HAVE_SYS_TYPES_H 1
| #define HAVE_SYS_STAT_H 1
| #define HAVE_STDLIB_H 1
| #define HAVE_STRING_H 1
| #define HAVE_MEMORY_H 1
| #define HAVE_STRINGS_H 1
| #define HAVE_INTTYPES_H 1
| #define HAVE_STDINT_H 1
| #define HAVE_UNISTD_H 1
| /* end confdefs.h.  */
| #include <stdio.h>
| #ifdef HAVE_SYS_TYPES_H
| # include <sys/types.h>
| #endif
| #ifdef HAVE_SYS_STAT_H
| # include <sys/stat.h>
| #endif
| #ifdef STDC_HEADERS
| # include <stdlib.h>
| # include <stddef.h>
| #else
| # ifdef HAVE_STDLIB_H
| #  include <stdlib.h>
| # endif
| #endif
| #ifdef HAVE_STRING_H
| # if !defined STDC_HEADERS && defined HAVE_MEMORY_H
| #  include <memory.h>
| # endif
| # include <string.h>
| #endif
| #ifdef HAVE_STRINGS_H
| # include <strings.h>
| #endif
| #ifdef HAVE_INTTYPES_H
| # include <inttypes.h>
| #endif
| #ifdef HAVE_STDINT_H
| # include <stdint.h>
| #endif
| #ifdef HAVE_UNISTD_H
| # include <unistd.h>
| #endif
| #include <minix/config.h>
configure:4350: result: no
configure:4350: checking minix/config.h presence
configure:4350: gcc -E  conftest.c
conftest.c:21: fatal error: minix/config.h: No such file or directory
compilation terminated.
configure:4350: $? = 1
configure: failed program was:
| /* confdefs.h */
| #define PACKAGE_NAME "lanl-purger"
| #define PACKAGE_TARNAME "lanl-purger"
| #define PACKAGE_VERSION "0.1"
| #define PACKAGE_STRING "lanl-purger 0.1"
| #define PACKAGE_BUGREPORT "jharrodlafon@users.sourceforge.net"
| #define PACKAGE_URL ""
| #define PACKAGE "lanl-purger"
| #define VERSION "0.1"
| #define STDC_HEADERS 1
| #define HAVE_SYS_TYPES_H 1
| #define HAVE_SYS_STAT_H 1
| #define HAVE_STDLIB_H 1
| #define HAVE_STRING_H 1
| #define HAVE_MEMORY_H 1
| #define HAVE_STRINGS_H 1
| #define HAVE_INTTYPES_H 1
| #define HAVE_STDINT_H 1
| #define HAVE_UNISTD_H 1
| /* end confdefs.h.  */
| #include <minix/config.h>
configure:4350: result: no
configure:4350: checking for minix/config.h
configure:4350: result: no
configure:4371: checking whether it is safe to define __EXTENSIONS__
configure:4389: gcc -c -g -O2  conftest.c >&5
configure:4389: $? = 0
configure:4396: result: yes
configure:4439: checking build system type
configure:4453: result: x86_64-unknown-linux-gnu
configure:4473: checking host system type
configure:4486: result: x86_64-unknown-linux-gnu
configure:4506: checking for a sed that does not truncate output
configure:4570: result: /bin/sed
configure:4588: checking for fgrep
configure:4650: result: /bin/grep -F
configure:4685: checking for ld used by gcc
configure:4752: result: /usr/bin/ld
configure:4759: checking if the linker (/usr/bin/ld) is GNU ld
configure:4774: result: yes
configure:4786: checking for BSD- or MS-compatible name lister (nm)
configure:4835: result: /usr/bin/nm -B
configure:4953: checking the name lister (/usr/bin/nm -B) interface
configure:4960: gcc -c -g -O2  conftest.c >&5
configure:4963: /usr/bin/nm -B "conftest.o"
configure:4966: output
0000000000000000 B some_variable
configure:4973: result: BSD nm
configure:4976: checking whether ln -s works
configure:4980: result: yes
configure:4988: checking the maximum length of command line arguments
configure:5108: result: 1572864
configure:5125: checking whether the shell understands some XSI constructs
configure:5135: result: yes
configure:5139: checking whether the shell understands "+="
configure:5145: result: yes
configure:5180: checking for /usr/bin/ld option to reload object files
configure:5187: result: -r
configure:5256: checking for objdump
configure:5272: found /usr/bin/objdump
configure:5283: result: objdump
configure:5315: checking how to recognize dependent libraries
configure:5511: result: pass_all
configure:5571: checking for ar
configure:5587: found /usr/bin/ar
configure:5598: result: ar
configure:5676: checking for strip
configure:5692: found /usr/bin/strip
configure:5703: result: strip
configure:5775: checking for ranlib
configure:5791: found /usr/bin/ranlib
configure:5802: result: ranlib
configure:5892: checking command to parse /usr/bin/nm -B output from gcc object
configure:6010: gcc -c -g -O2  conftest.c >&5
configure:6013: $? = 0
configure:6017: /usr/bin/nm -B conftest.o \| sed -n -e 's/^.*[	 ]\([ABCDGIRSTW][ABCDGIRSTW]*\)[	 ][	 ]*\([_A-Za-z][_A-Za-z0-9]*\)$/\1 \2 \2/p' \> conftest.nm
configure:6020: $? = 0
configure:6074: gcc -o conftest -g -O2   conftest.c conftstm.o >&5
configure:6077: $? = 0
configure:6115: result: ok
configure:6210: gcc -c -g -O2  conftest.c >&5
configure:6213: $? = 0
configure:6920: checking for dlfcn.h
configure:6920: gcc -c -g -O2  conftest.c >&5
configure:6920: $? = 0
configure:6920: result: yes
configure:7104: checking for objdir
configure:7119: result: .libs
configure:7415: checking if gcc supports -fno-rtti -fno-exceptions
configure:7433: gcc -c -g -O2  -fno-rtti -fno-exceptions conftest.c >&5
cc1: warning: command line option "-fno-rtti" is valid for C++/ObjC++ but not for C
configure:7437: $? = 0
configure:7450: result: no
configure:7470: checking for gcc option to produce PIC
configure:7742: result: -fPIC -DPIC
configure:7754: checking if gcc PIC flag -fPIC -DPIC works
configure:7772: gcc -c -g -O2  -fPIC -DPIC -DPIC conftest.c >&5
configure:7776: $? = 0
configure:7789: result: yes
configure:7813: checking if gcc static flag -static works
configure:7841: result: yes
configure:7856: checking if gcc supports -c -o file.o
configure:7877: gcc -c -g -O2  -o out/conftest2.o conftest.c >&5
configure:7881: $? = 0
configure:7903: result: yes
configure:7911: checking if gcc supports -c -o file.o
configure:7958: result: yes
configure:7991: checking whether the gcc linker (/usr/bin/ld -m elf_x86_64) supports shared libraries
configure:8982: result: yes
configure:9019: checking whether -lc should be explicitly linked in
configure:9024: gcc -c -g -O2  conftest.c >&5
configure:9027: $? = 0
configure:9042: gcc -shared conftest.o  -v -Wl,-soname -Wl,conftest -o conftest 2\>\&1 \| /bin/grep  -lc  \>/dev/null 2\>\&1
configure:9045: $? = 0
configure:9057: result: no
configure:9221: checking dynamic linker characteristics
configure:9654: gcc -o conftest -g -O2   -Wl,-rpath -Wl,/foo conftest.c  >&5
configure:9654: $? = 0
configure:9884: result: GNU/Linux ld.so
configure:9986: checking how to hardcode library paths into programs
configure:10011: result: immediate
configure:10531: checking whether stripping libraries is possible
configure:10536: result: yes
configure:10571: checking if libtool supports shared libraries
configure:10573: result: yes
configure:10576: checking whether to build shared libraries
configure:10597: result: yes
configure:10600: checking whether to build static libraries
configure:10604: result: yes
configure:10640: checking whether make sets $(MAKE)
configure:10662: result: yes
configure:10674: checking netdb.h usability
configure:10674: gcc -c -g -O2  conftest.c >&5
configure:10674: $? = 0
configure:10674: result: yes
configure:10674: checking netdb.h presence
configure:10674: gcc -E  conftest.c
configure:10674: $? = 0
configure:10674: result: yes
configure:10674: checking for netdb.h
configure:10674: result: yes
configure:10674: checking netinet/in.h usability
configure:10674: gcc -c -g -O2  conftest.c >&5
configure:10674: $? = 0
configure:10674: result: yes
configure:10674: checking netinet/in.h presence
configure:10674: gcc -E  conftest.c
configure:10674: $? = 0
configure:10674: result: yes
configure:10674: checking for netinet/in.h
configure:10674: result: yes
configure:10674: checking for stdlib.h
configure:10674: result: yes
configure:10674: checking for string.h
configure:10674: result: yes
configure:10674: checking sys/socket.h usability
configure:10674: gcc -c -g -O2  conftest.c >&5
configure:10674: $? = 0
configure:10674: result: yes
configure:10674: checking sys/socket.h presence
configure:10674: gcc -E  conftest.c
configure:10674: $? = 0
configure:10674: result: yes
configure:10674: checking for sys/socket.h
configure:10674: result: yes
configure:10674: checking sys/time.h usability
configure:10674: gcc -c -g -O2  conftest.c >&5
configure:10674: $? = 0
configure:10674: result: yes
configure:10674: checking sys/time.h presence
configure:10674: gcc -E  conftest.c
configure:10674: $? = 0
configure:10674: result: yes
configure:10674: checking for sys/time.h
configure:10674: result: yes
configure:10674: checking for unistd.h
configure:10674: result: yes
configure:10805: creating ./config.status

## ---------------------- ##
## Running config.status. ##
## ---------------------- ##

This file was extended by lanl-purger config.status 0.1, which was
generated by GNU Autoconf 2.67.  Invocation command line was

  CONFIG_FILES    = 
  CONFIG_HEADERS  = 
  CONFIG_LINKS    = 
  CONFIG_COMMANDS = 
  $ ./config.status 

on jlafon-desktop

config.status:1098: creating Makefile
config.status:1098: creating lib/config/Makefile
config.status:1098: creating lib/ldap/Makefile
config.status:1098: creating lib/log/Makefile
config.status:1098: creating lib/mail/Makefile
config.status:1098: creating lib/prm/Makefile
config.status:1098: creating lib/utils/Makefile
config.status:1098: creating src/Makefile
config.status:1098: creating lib/Makefile
config.status:1098: creating test/Makefile
config.status:1098: creating test/email/Makefile
config.status:1098: creating test/ldap/Makefile
config.status:1098: creating test/log/Makefile
config.status:1098: creating test/insert/Makefile
config.status:1098: creating src/purger/Makefile
config.status:1098: creating src/treewalk/Makefile
config.status:1098: creating src/util/Makefile
config.status:1098: creating config.h
config.status:1326: executing depfiles commands
config.status:1326: executing libtool commands
configure:13161: creating ./config.status

## ---------------------- ##
## Running config.status. ##
## ---------------------- ##

This file was extended by lanl-purger config.status 0.1, which was
generated by GNU Autoconf 2.67.  Invocation command line was

  CONFIG_FILES    = 
  CONFIG_HEADERS  = 
  CONFIG_LINKS    = 
  CONFIG_COMMANDS = 
  $ ./config.status 

on jlafon-desktop

config.status:1099: creating Makefile
config.status:1099: creating lib/config/Makefile
config.status:1099: creating lib/ldap/Makefile
config.status:1099: creating lib/log/Makefile
config.status:1099: creating lib/mail/Makefile
config.status:1099: creating lib/prm/Makefile
config.status:1099: creating lib/utils/Makefile
config.status:1099: creating src/Makefile
config.status:1099: creating lib/Makefile
config.status:1099: creating test/Makefile
config.status:1099: creating test/email/Makefile
config.status:1099: creating test/ldap/Makefile
config.status:1099: creating test/log/Makefile
config.status:1099: creating test/insert/Makefile
config.status:1099: creating src/purger/Makefile
config.status:1099: creating src/treewalk/Makefile
config.status:1099: creating src/util/Makefile
config.status:1099: creating config.h
config.status:1279: config.h is unchanged
config.status:1327: executing depfiles commands
config.status:1327: executing libtool commands

## ---------------- ##
## Cache variables. ##
## ---------------- ##

ac_cv_build=x86_64-unknown-linux-gnu
ac_cv_c_compiler_gnu=yes
ac_cv_env_CC_set=
ac_cv_env_CC_value=
ac_cv_env_CFLAGS_set=
ac_cv_env_CFLAGS_value=
ac_cv_env_CPPFLAGS_set=
ac_cv_env_CPPFLAGS_value=
ac_cv_env_CPP_set=
ac_cv_env_CPP_value=
ac_cv_env_LDFLAGS_set=
ac_cv_env_LDFLAGS_value=
ac_cv_env_LIBS_set=
ac_cv_env_LIBS_value=
ac_cv_env_build_alias_set=
ac_cv_env_build_alias_value=
ac_cv_env_host_alias_set=
ac_cv_env_host_alias_value=
ac_cv_env_target_alias_set=
ac_cv_env_target_alias_value=
ac_cv_header_dlfcn_h=yes
ac_cv_header_inttypes_h=yes
ac_cv_header_memory_h=yes
ac_cv_header_minix_config_h=no
ac_cv_header_netdb_h=yes
ac_cv_header_netinet_in_h=yes
ac_cv_header_stdc=yes
ac_cv_header_stdint_h=yes
ac_cv_header_stdlib_h=yes
ac_cv_header_string_h=yes
ac_cv_header_strings_h=yes
ac_cv_header_sys_socket_h=yes
ac_cv_header_sys_stat_h=yes
ac_cv_header_sys_time_h=yes
ac_cv_header_sys_types_h=yes
ac_cv_header_unistd_h=yes
ac_cv_host=x86_64-unknown-linux-gnu
ac_cv_objext=o
ac_cv_path_EGREP='/bin/grep -E'
ac_cv_path_FGREP='/bin/grep -F'
ac_cv_path_GREP=/bin/grep
ac_cv_path_SED=/bin/sed
ac_cv_path_install='/usr/bin/install -c'
ac_cv_path_mkdir=/bin/mkdir
ac_cv_prog_AWK=gawk
ac_cv_prog_CPP='gcc -E'
ac_cv_prog_ac_ct_AR=ar
ac_cv_prog_ac_ct_CC=gcc
ac_cv_prog_ac_ct_OBJDUMP=objdump
ac_cv_prog_ac_ct_RANLIB=ranlib
ac_cv_prog_ac_ct_STRIP=strip
ac_cv_prog_cc_c89=
ac_cv_prog_cc_g=yes
ac_cv_prog_cc_gcc_c_o=yes
ac_cv_prog_make_make_set=yes
ac_cv_safe_to_define___extensions__=yes
am_cv_CC_dependencies_compiler_type=gcc3
lt_cv_deplibs_check_method=pass_all
lt_cv_file_magic_cmd='$MAGIC_CMD'
lt_cv_file_magic_test_file=
lt_cv_ld_reload_flag=-r
lt_cv_nm_interface='BSD nm'
lt_cv_objdir=.libs
lt_cv_path_LD=/usr/bin/ld
lt_cv_path_NM='/usr/bin/nm -B'
lt_cv_prog_compiler_c_o=yes
lt_cv_prog_compiler_pic_works=yes
lt_cv_prog_compiler_rtti_exceptions=no
lt_cv_prog_compiler_static_works=yes
lt_cv_prog_gnu_ld=yes
lt_cv_sys_global_symbol_pipe='sed -n -e '\''s/^.*[	 ]\([ABCDGIRSTW][ABCDGIRSTW]*\)[	 ][	 ]*\([_A-Za-z][_A-Za-z0-9]*\)$/\1 \2 \2/p'\'''
lt_cv_sys_global_symbol_to_c_name_address='sed -n -e '\''s/^: \([^ ]*\) $/  {\"\1\", (void *) 0},/p'\'' -e '\''s/^[ABCDGIRSTW]* \([^ ]*\) \([^ ]*\)$/  {"\2", (void *) \&\2},/p'\'''
lt_cv_sys_global_symbol_to_c_name_address_lib_prefix='sed -n -e '\''s/^: \([^ ]*\) $/  {\"\1\", (void *) 0},/p'\'' -e '\''s/^[ABCDGIRSTW]* \([^ ]*\) \(lib[^ ]*\)$/  {"\2", (void *) \&\2},/p'\'' -e '\''s/^[ABCDGIRSTW]* \([^ ]*\) \([^ ]*\)$/  {"lib\2", (void *) \&\2},/p'\'''
lt_cv_sys_global_symbol_to_cdecl='sed -n -e '\''s/^T .* \(.*\)$/extern int \1();/p'\'' -e '\''s/^[ABCDGIRSTW]* .* \(.*\)$/extern char \1;/p'\'''
lt_cv_sys_max_cmd_len=1572864

## ----------------- ##
## Output variables. ##
## ----------------- ##

ACLOCAL='${SHELL} /home/jlafon/lanl-purger/branches/jharrod/config/missing --run aclocal-1.11'
AMDEPBACKSLASH='\'
AMDEP_FALSE='#'
AMDEP_TRUE=''
AMTAR='${SHELL} /home/jlafon/lanl-purger/branches/jharrod/config/missing --run tar'
AM_BACKSLASH='\'
AM_DEFAULT_VERBOSITY='0'
AR='ar'
AUTOCONF='${SHELL} /home/jlafon/lanl-purger/branches/jharrod/config/missing --run autoconf'
AUTOHEADER='${SHELL} /home/jlafon/lanl-purger/branches/jharrod/config/missing --run autoheader'
AUTOMAKE='${SHELL} /home/jlafon/lanl-purger/branches/jharrod/config/missing --run automake-1.11'
AWK='gawk'
CC='gcc'
CCDEPMODE='depmode=gcc3'
CFLAGS='-g -O2'
CPP='gcc -E'
CPPFLAGS=''
CYGPATH_W='echo'
DEFS='-DHAVE_CONFIG_H'
DEPDIR='.deps'
DSYMUTIL=''
DUMPBIN=''
ECHO_C=''
ECHO_N='-n'
ECHO_T=''
EGREP='/bin/grep -E'
EXEEXT=''
FGREP='/bin/grep -F'
GREP='/bin/grep'
INSTALL_DATA='${INSTALL} -m 644'
INSTALL_PROGRAM='${INSTALL}'
INSTALL_SCRIPT='${INSTALL}'
INSTALL_STRIP_PROGRAM='$(install_sh) -c -s'
LD='/usr/bin/ld -m elf_x86_64'
LDFLAGS=''
LIBOBJS=''
LIBS=''
LIBTOOL='$(SHELL) $(top_builddir)/libtool'
LIPO=''
LN_S='ln -s'
LTLIBOBJS=''
MAKEINFO='${SHELL} /home/jlafon/lanl-purger/branches/jharrod/config/missing --run makeinfo'
MKDIR_P='/bin/mkdir -p'
NM='/usr/bin/nm -B'
NMEDIT=''
OBJDUMP='objdump'
OBJEXT='o'
OTOOL64=''
OTOOL=''
PACKAGE='lanl-purger'
PACKAGE_BUGREPORT='jharrodlafon@users.sourceforge.net'
PACKAGE_NAME='lanl-purger'
PACKAGE_STRING='lanl-purger 0.1'
PACKAGE_TARNAME='lanl-purger'
PACKAGE_URL=''
PACKAGE_VERSION='0.1'
PATH_SEPARATOR=':'
RANLIB='ranlib'
SED='/bin/sed'
SET_MAKE=''
SHELL='/bin/bash'
STRIP='strip'
VERSION='0.1'
ac_ct_CC='gcc'
ac_ct_DUMPBIN=''
am__EXEEXT_FALSE=''
am__EXEEXT_TRUE='#'
am__fastdepCC_FALSE='#'
am__fastdepCC_TRUE=''
am__include='include'
am__isrc=''
am__leading_dot='.'
am__quote=''
am__tar='${AMTAR} chof - "$$tardir"'
am__untar='${AMTAR} xf -'
bindir='${exec_prefix}/bin'
build='x86_64-unknown-linux-gnu'
build_alias=''
build_cpu='x86_64'
build_os='linux-gnu'
build_vendor='unknown'
datadir='${datarootdir}'
datarootdir='${prefix}/share'
docdir='${datarootdir}/doc/${PACKAGE_TARNAME}'
dvidir='${docdir}'
exec_prefix='${prefix}'
host='x86_64-unknown-linux-gnu'
host_alias=''
host_cpu='x86_64'
host_os='linux-gnu'
host_vendor='unknown'
htmldir='${docdir}'
includedir='${prefix}/include'
infodir='${datarootdir}/info'
install_sh='${SHELL} /home/jlafon/lanl-purger/branches/jharrod/config/install-sh'
libdir='${exec_prefix}/lib'
libexecdir='${exec_prefix}/libexec'
localedir='${datarootdir}/locale'
localstatedir='${prefix}/var'
lt_ECHO='echo'
mandir='${datarootdir}/man'
mkdir_p='/bin/mkdir -p'
oldincludedir='/usr/include'
pdfdir='${docdir}'
prefix='/usr/local'
program_transform_name='s,x,x,'
psdir='${docdir}'
sbindir='${exec_prefix}/sbin'
sharedstatedir='${prefix}/com'
sysconfdir='${prefix}/etc'
target_alias=''

## ----------- ##
## confdefs.h. ##
## ----------- ##

/* confdefs.h */
#define PACKAGE_NAME "lanl-purger"
#define PACKAGE_TARNAME "lanl-purger"
#define PACKAGE_VERSION "0.1"
#define PACKAGE_STRING "lanl-purger 0.1"
#define PACKAGE_BUGREPORT "jharrodlafon@users.sourceforge.net"
#define PACKAGE_URL ""
#define PACKAGE "lanl-purger"
#define VERSION "0.1"
#define STDC_HEADERS 1
#define HAVE_SYS_TYPES_H 1
#define HAVE_SYS_STAT_H 1
#define HAVE_STDLIB_H 1
#define HAVE_STRING_H 1
#define HAVE_MEMORY_H 1
#define HAVE_STRINGS_H 1
#define HAVE_INTTYPES_H 1
#define HAVE_STDINT_H 1
#define HAVE_UNISTD_H 1
#define __EXTENSIONS__ 1
#define _ALL_SOURCE 1
#define _GNU_SOURCE 1
#define _POSIX_PTHREAD_SEMANTICS 1
#define _TANDEM_SOURCE 1
#define HAVE_DLFCN_H 1
#define LT_OBJDIR ".libs/"
#define HAVE_NETDB_H 1
#define HAVE_NETINET_IN_H 1
#define HAVE_STDLIB_H 1
#define HAVE_STRING_H 1
#define HAVE_SYS_SOCKET_H 1
#define HAVE_SYS_TIME_H 1
#define HAVE_UNISTD_H 1

configure: exit 0
